[10/07/2015 23:04:52] :: chargement_page /
[10/07/2015 23:10:46] :: chargement de la page / par AnonymousUser
[10/07/2015 23:14:42] :: chargement de la page /forum/ par admin
[10/07/2015 23:14:50] :: chargement de la page /forum/ par admin
[10/07/2015 23:16:47] :: chargement de la page / par admin
[10/07/2015 23:37:47] :: chargement de la page / par admin
[10/07/2015 23:39:37] :: chargement de la page / par admin
[10/07/2015 23:40:02] :: chargement de la page / par admin
[10/07/2015 23:40:37] :: chargement de la page / par admin
[10/07/2015 23:41:53] :: chargement de la page / par admin
[11/07/2015 09:08:34] :: chargement de la page /forum/ par admin
[11/07/2015 09:11:52] :: chargement de la page /forum/ par admin
[11/07/2015 20:27:36] :: chargement de la page / par AnonymousUser
[11/07/2015 20:27:36] :: chargement de la page /profil/login par AnonymousUser
[11/07/2015 20:27:36] :: chargement de la page /profil/login par AnonymousUser
[11/07/2015 20:27:36] :: chargement de la page /profil/login par AnonymousUser
[11/07/2015 20:27:36] :: chargement de la page /profil/login par AnonymousUser
[11/07/2015 20:27:36] :: chargement de la page /profil/login par AnonymousUser
[11/07/2015 20:27:36] :: chargement de la page /profil/login par AnonymousUser
[11/07/2015 20:27:36] :: chargement de la page /profil/register par AnonymousUser
[11/07/2015 20:27:36] :: creation du compte AnonymousUser
[11/07/2015 20:27:36] :: chargement de la page /profil/register par AnonymousUser
[11/07/2015 20:27:36] :: creation du compte AnonymousUser
[11/07/2015 20:27:36] :: chargement de la page /profil/register par AnonymousUser
[11/07/2015 20:27:36] :: chargement de la page /profil/register par AnonymousUser
[11/07/2015 20:27:36] :: chargement de la page /profil/register par AnonymousUser
[11/07/2015 20:27:36] :: chargement de la page /profil/register par AnonymousUser
[11/07/2015 20:28:08] :: chargement de la page / par AnonymousUser
[11/07/2015 20:28:08] :: chargement de la page /profil/login par AnonymousUser
[11/07/2015 20:28:08] :: chargement de la page /profil/login par AnonymousUser
[11/07/2015 20:28:08] :: chargement de la page /profil/login par AnonymousUser
[11/07/2015 20:28:08] :: chargement de la page /profil/login par AnonymousUser
[11/07/2015 20:28:08] :: chargement de la page /profil/login par AnonymousUser
[11/07/2015 20:28:08] :: chargement de la page /profil/login par AnonymousUser
[11/07/2015 20:28:08] :: chargement de la page /profil/register par AnonymousUser
[11/07/2015 20:28:08] :: creation du compte AnonymousUser
[11/07/2015 20:28:08] :: chargement de la page /profil/register par AnonymousUser
[11/07/2015 20:28:08] :: creation du compte AnonymousUser
[11/07/2015 20:28:08] :: chargement de la page /profil/register par AnonymousUser
[11/07/2015 20:28:08] :: chargement de la page /profil/register par AnonymousUser
[11/07/2015 20:28:08] :: chargement de la page /profil/register par AnonymousUser
[11/07/2015 20:28:08] :: chargement de la page /profil/register par AnonymousUser
